{"C:\\Users\\sonnn\\Documents\\jferda-homepage\\src\\config\\index.js": {"path":"C:\\Users\\sonnn\\Documents\\jferda-homepage\\src\\config\\index.js","statementMap":{},"fnMap":{},"branchMap":{},"s":{},"f":{},"b":{},"_coverageSchema":"1a1c01bbd47fc00a2c39e90264f33305004495a9","hash":"23c35a04ca5cbc308042c7f0628542a97a9d6268"}
,"C:\\Users\\sonnn\\Documents\\jferda-homepage\\src\\store\\index.js": {"path":"C:\\Users\\sonnn\\Documents\\jferda-homepage\\src\\store\\index.js","statementMap":{},"fnMap":{},"branchMap":{},"s":{},"f":{},"b":{},"_coverageSchema":"1a1c01bbd47fc00a2c39e90264f33305004495a9","hash":"87989b9d4b761e26114336b68d47f11f7ec6e51f"}
,"C:\\Users\\sonnn\\Documents\\jferda-homepage\\src\\store\\app\\index.js": {"path":"C:\\Users\\sonnn\\Documents\\jferda-homepage\\src\\store\\app\\index.js","statementMap":{"0":{"start":{"line":4,"column":15},"end":{"line":4,"column":39}},"1":{"start":{"line":5,"column":15},"end":{"line":5,"column":39}},"2":{"start":{"line":6,"column":16},"end":{"line":6,"column":40}},"3":{"start":{"line":11,"column":0},"end":{"line":28,"column":1}},"4":{"start":{"line":12,"column":20},"end":{"line":12,"column":66}},"5":{"start":{"line":14,"column":28},"end":{"line":14,"column":63}},"6":{"start":{"line":14,"column":37},"end":{"line":14,"column":61}},"7":{"start":{"line":15,"column":2},"end":{"line":15,"column":43}},"8":{"start":{"line":16,"column":2},"end":{"line":16,"column":50}},"9":{"start":{"line":19,"column":20},"end":{"line":19,"column":66}},"10":{"start":{"line":20,"column":28},"end":{"line":20,"column":63}},"11":{"start":{"line":20,"column":37},"end":{"line":20,"column":61}},"12":{"start":{"line":21,"column":2},"end":{"line":21,"column":43}},"13":{"start":{"line":22,"column":2},"end":{"line":22,"column":50}},"14":{"start":{"line":24,"column":21},"end":{"line":24,"column":68}},"15":{"start":{"line":25,"column":29},"end":{"line":25,"column":65}},"16":{"start":{"line":25,"column":38},"end":{"line":25,"column":63}},"17":{"start":{"line":26,"column":2},"end":{"line":26,"column":45}},"18":{"start":{"line":27,"column":2},"end":{"line":27,"column":52}},"19":{"start":{"line":30,"column":14},"end":{"line":43,"column":1}}},"fnMap":{"0":{"name":"(anonymous_0)","decl":{"start":{"line":14,"column":28},"end":{"line":14,"column":29}},"loc":{"start":{"line":14,"column":35},"end":{"line":14,"column":63}},"line":14},"1":{"name":"(anonymous_1)","decl":{"start":{"line":20,"column":28},"end":{"line":20,"column":29}},"loc":{"start":{"line":20,"column":35},"end":{"line":20,"column":63}},"line":20},"2":{"name":"(anonymous_2)","decl":{"start":{"line":25,"column":29},"end":{"line":25,"column":30}},"loc":{"start":{"line":25,"column":36},"end":{"line":25,"column":65}},"line":25}},"branchMap":{"0":{"loc":{"start":{"line":11,"column":0},"end":{"line":28,"column":1}},"type":"if","locations":[{"start":{"line":11,"column":0},"end":{"line":28,"column":1}},{"start":{"line":11,"column":0},"end":{"line":28,"column":1}}],"line":11}},"s":{"0":1,"1":1,"2":1,"3":1,"4":0,"5":0,"6":0,"7":0,"8":0,"9":0,"10":0,"11":0,"12":0,"13":0,"14":0,"15":0,"16":0,"17":0,"18":0,"19":1},"f":{"0":0,"1":0,"2":0},"b":{"0":[0,1]},"_coverageSchema":"1a1c01bbd47fc00a2c39e90264f33305004495a9","hash":"d4ecb60c75a057112b73d6c007b36e5ad5cb56ae"}
,"C:\\Users\\sonnn\\Documents\\jferda-homepage\\src\\store\\app\\setter.js": {"path":"C:\\Users\\sonnn\\Documents\\jferda-homepage\\src\\store\\app\\setter.js","statementMap":{"0":{"start":{"line":3,"column":27},"end":{"line":5,"column":1}},"1":{"start":{"line":4,"column":2},"end":{"line":4,"column":39}}},"fnMap":{"0":{"name":"(anonymous_0)","decl":{"start":{"line":3,"column":27},"end":{"line":3,"column":28}},"loc":{"start":{"line":3,"column":38},"end":{"line":5,"column":1}},"line":3}},"branchMap":{},"s":{"0":1,"1":2},"f":{"0":2},"b":{},"_coverageSchema":"1a1c01bbd47fc00a2c39e90264f33305004495a9","hash":"4f6267bdb2a4077ed9f033dd380b9474942fb44b"}
,"C:\\Users\\sonnn\\Documents\\jferda-homepage\\src\\store\\home\\index.js": {"path":"C:\\Users\\sonnn\\Documents\\jferda-homepage\\src\\store\\home\\index.js","statementMap":{},"fnMap":{},"branchMap":{},"s":{},"f":{},"b":{},"_coverageSchema":"1a1c01bbd47fc00a2c39e90264f33305004495a9","hash":"3a432dab53a67b9544a7bf517b1167a2c3fea525"}
,"C:\\Users\\sonnn\\Documents\\jferda-homepage\\src\\utils\\imports\\config.js": {"path":"C:\\Users\\sonnn\\Documents\\jferda-homepage\\src\\utils\\imports\\config.js","statementMap":{"0":{"start":{"line":8,"column":4},"end":{"line":8,"column":25}},"1":{"start":{"line":10,"column":32},"end":{"line":10,"column":49}},"2":{"start":{"line":11,"column":49},"end":{"line":11,"column":66}},"3":{"start":{"line":12,"column":36},"end":{"line":12,"column":58}}},"fnMap":{},"branchMap":{},"s":{"0":1,"1":1,"2":1,"3":1},"f":{},"b":{},"_coverageSchema":"1a1c01bbd47fc00a2c39e90264f33305004495a9","hash":"6aa24e1d9bcf284be73935b32b5294d95e93ce72"}
,"C:\\Users\\sonnn\\Documents\\jferda-homepage\\src\\utils\\imports\\store.js": {"path":"C:\\Users\\sonnn\\Documents\\jferda-homepage\\src\\utils\\imports\\store.js","statementMap":{"0":{"start":{"line":7,"column":24},"end":{"line":7,"column":38}},"1":{"start":{"line":8,"column":33},"end":{"line":8,"column":49}},"2":{"start":{"line":9,"column":42},"end":{"line":9,"column":63}}},"fnMap":{},"branchMap":{},"s":{"0":1,"1":1,"2":1},"f":{},"b":{},"_coverageSchema":"1a1c01bbd47fc00a2c39e90264f33305004495a9","hash":"8b605865cb81196934a20bf784671f0f3fe242bf"}
,"C:\\Users\\sonnn\\Documents\\jferda-homepage\\src\\utils\\imports\\svelte.js": {"path":"C:\\Users\\sonnn\\Documents\\jferda-homepage\\src\\utils\\imports\\svelte.js","statementMap":{},"fnMap":{},"branchMap":{},"s":{},"f":{},"b":{},"_coverageSchema":"1a1c01bbd47fc00a2c39e90264f33305004495a9","hash":"d98c9fe123e38ad3e6925f1f60bac4ea5cb2079f"}
}
